<?xml version="1.0" encoding="UTF-8"?>
<testng-results ignored="0" total="3" passed="2" failed="1" skipped="0">
  <reporter-output>
  </reporter-output>
  <suite started-at="2022-03-16T12:58:25 EDT" name="Suite" finished-at="2022-03-16T12:59:45 EDT" duration-ms="80406">
    <groups>
    </groups>
    <test started-at="2022-03-16T12:58:25 EDT" name="Validating title in the Page" finished-at="2022-03-16T12:59:07 EDT" duration-ms="42502">
      <class name="E2eDevelopment.validateTitle">
        <test-method is-config="true" signature="initialize()[pri:0, instance:E2eDevelopment.validateTitle@3d9fc57a]" started-at="2022-03-16T12:58:25 EDT" name="initialize" finished-at="2022-03-16T12:59:05 EDT" duration-ms="40175" status="PASS">
          <reporter-output>
          </reporter-output>
        </test-method> <!-- initialize -->
        <test-method signature="validateTitle()[pri:0, instance:E2eDevelopment.validateTitle@3d9fc57a]" started-at="2022-03-16T12:59:05 EDT" name="validateTitle" finished-at="2022-03-16T12:59:05 EDT" duration-ms="392" status="FAIL">
          <exception class="java.lang.AssertionError">
            <message>
              <![CDATA[expected [FEATURED CO123URSES] but found [FEATURED COURSES]]]>
            </message>
            <full-stacktrace>
              <![CDATA[java.lang.AssertionError: expected [FEATURED CO123URSES] but found [FEATURED COURSES]
at org.testng.Assert.fail(Assert.java:110)
at org.testng.Assert.failNotEquals(Assert.java:1413)
at org.testng.Assert.assertEqualsImpl(Assert.java:149)
at org.testng.Assert.assertEquals(Assert.java:131)
at org.testng.Assert.assertEquals(Assert.java:655)
at org.testng.Assert.assertEquals(Assert.java:665)
at E2eDevelopment.validateTitle.validateTitle(validateTitle.java:49)
at java.base/jdk.internal.reflect.NativeMethodAccessorImpl.invoke0(Native Method)
at java.base/jdk.internal.reflect.NativeMethodAccessorImpl.invoke(NativeMethodAccessorImpl.java:77)
at java.base/jdk.internal.reflect.DelegatingMethodAccessorImpl.invoke(DelegatingMethodAccessorImpl.java:43)
at java.base/java.lang.reflect.Method.invoke(Method.java:568)
at org.testng.internal.invokers.MethodInvocationHelper.invokeMethod(MethodInvocationHelper.java:135)
at org.testng.internal.invokers.TestInvoker.invokeMethod(TestInvoker.java:673)
at org.testng.internal.invokers.TestInvoker.invokeTestMethod(TestInvoker.java:220)
at org.testng.internal.invokers.MethodRunner.runInSequence(MethodRunner.java:50)
at org.testng.internal.invokers.TestInvoker$MethodInvocationAgent.invoke(TestInvoker.java:945)
at org.testng.internal.invokers.TestInvoker.invokeTestMethods(TestInvoker.java:193)
at org.testng.internal.invokers.TestMethodWorker.invokeTestMethods(TestMethodWorker.java:146)
at org.testng.internal.invokers.TestMethodWorker.run(TestMethodWorker.java:128)
at java.base/java.util.ArrayList.forEach(ArrayList.java:1511)
at org.testng.TestRunner.privateRun(TestRunner.java:808)
at org.testng.TestRunner.run(TestRunner.java:603)
at org.testng.SuiteRunner.runTest(SuiteRunner.java:429)
at org.testng.SuiteRunner.access$000(SuiteRunner.java:32)
at org.testng.SuiteRunner$SuiteWorker.run(SuiteRunner.java:467)
at org.testng.internal.thread.ThreadUtil.lambda$execute$0(ThreadUtil.java:58)
at java.base/java.util.concurrent.FutureTask.run(FutureTask.java:264)
at java.base/java.util.concurrent.ThreadPoolExecutor.runWorker(ThreadPoolExecutor.java:1136)
at java.base/java.util.concurrent.ThreadPoolExecutor$Worker.run(ThreadPoolExecutor.java:635)
at java.base/java.lang.Thread.run(Thread.java:833)
]]>
            </full-stacktrace>
          </exception> <!-- java.lang.AssertionError -->
          <reporter-output>
          </reporter-output>
        </test-method> <!-- validateTitle -->
        <test-method is-config="true" signature="teardown()[pri:0, instance:E2eDevelopment.validateTitle@3d9fc57a]" started-at="2022-03-16T12:59:07 EDT" name="teardown" finished-at="2022-03-16T12:59:07 EDT" duration-ms="313" status="PASS">
          <reporter-output>
          </reporter-output>
        </test-method> <!-- teardown -->
      </class> <!-- E2eDevelopment.validateTitle -->
    </test> <!-- Validating title in the Page -->
    <test started-at="2022-03-16T12:58:25 EDT" name="Validating User login" finished-at="2022-03-16T12:59:45 EDT" duration-ms="80406">
      <class name="E2eDevelopment.HomePage">
        <test-method signature="HomePage(java.lang.String,java.lang.String)[pri:0, instance:E2eDevelopment.HomePage@3b65e559]" started-at="2022-03-16T12:58:25 EDT" name="HomePage" data-provider="getData" finished-at="2022-03-16T12:58:59 EDT" duration-ms="34679" status="PASS">
          <params>
            <param index="0">
              <value>
                <![CDATA[navjosan123@gmail.com]]>
              </value>
            </param>
            <param index="1">
              <value>
                <![CDATA[navjosan123]]>
              </value>
            </param>
          </params>
          <reporter-output>
          </reporter-output>
        </test-method> <!-- HomePage -->
        <test-method signature="HomePage(java.lang.String,java.lang.String)[pri:0, instance:E2eDevelopment.HomePage@3b65e559]" started-at="2022-03-16T12:58:59 EDT" name="HomePage" data-provider="getData" finished-at="2022-03-16T12:59:45 EDT" duration-ms="45410" status="PASS">
          <params>
            <param index="0">
              <value>
                <![CDATA[avalnoor123@gmail.com]]>
              </value>
            </param>
            <param index="1">
              <value>
                <![CDATA[avalnoorjosan123]]>
              </value>
            </param>
          </params>
          <reporter-output>
          </reporter-output>
        </test-method> <!-- HomePage -->
        <test-method is-config="true" signature="tearDown()[pri:0, instance:E2eDevelopment.HomePage@3b65e559]" started-at="2022-03-16T12:59:45 EDT" name="tearDown" finished-at="2022-03-16T12:59:45 EDT" duration-ms="224" status="PASS">
          <reporter-output>
          </reporter-output>
        </test-method> <!-- tearDown -->
      </class> <!-- E2eDevelopment.HomePage -->
    </test> <!-- Validating User login -->
  </suite> <!-- Suite -->
</testng-results>
